0 info it worked if it ends with ok
1 verbose cli [ '/Users/richard/.nvm/versions/node/v5.0.0/bin/node',
1 verbose cli   '/Users/richard/.nvm/versions/node/v5.0.0/bin/npm',
1 verbose cli   'i',
1 verbose cli   '-g',
1 verbose cli   'ipfs-to-gateway' ]
2 info using npm@3.10.6
3 info using node@v5.0.0
4 silly loadCurrentTree Starting
5 silly install loadCurrentTree
6 silly install readGlobalPackageData
7 silly fetchPackageMetaData ipfs-to-gateway
8 silly fetchNamedPackageData ipfs-to-gateway
9 silly mapToRegistry name ipfs-to-gateway
10 silly mapToRegistry using default registry
11 silly mapToRegistry registry https://registry.npmjs.org/
12 silly mapToRegistry data Result {
12 silly mapToRegistry   raw: 'ipfs-to-gateway',
12 silly mapToRegistry   scope: null,
12 silly mapToRegistry   escapedName: 'ipfs-to-gateway',
12 silly mapToRegistry   name: 'ipfs-to-gateway',
12 silly mapToRegistry   rawSpec: '',
12 silly mapToRegistry   spec: 'latest',
12 silly mapToRegistry   type: 'tag' }
13 silly mapToRegistry uri https://registry.npmjs.org/ipfs-to-gateway
14 verbose request uri https://registry.npmjs.org/ipfs-to-gateway
15 verbose request no auth needed
16 info attempt registry request try #1 at 10:08:10 PM
17 verbose request using bearer token for auth
18 verbose request id cdf14013ec053f24
19 http request GET https://registry.npmjs.org/ipfs-to-gateway
20 http 200 https://registry.npmjs.org/ipfs-to-gateway
21 verbose headers { server: 'CouchDB/1.5.0 (Erlang OTP/R16B03)',
21 verbose headers   etag: '"D4WVVFMN0STO1C6M3OAFZR7BV"',
21 verbose headers   'content-type': 'application/json',
21 verbose headers   'content-encoding': 'gzip',
21 verbose headers   'cache-control': 'max-age=300',
21 verbose headers   'transfer-encoding': 'chunked',
21 verbose headers   'accept-ranges': 'bytes',
21 verbose headers   date: 'Sat, 12 Nov 2016 13:08:11 GMT',
21 verbose headers   via: '1.1 varnish',
21 verbose headers   connection: 'keep-alive',
21 verbose headers   'x-served-by': 'cache-nrt6132-NRT',
21 verbose headers   'x-cache': 'MISS',
21 verbose headers   'x-cache-hits': '0',
21 verbose headers   'x-timer': 'S1478956090.980612,VS0,VE119',
21 verbose headers   vary: 'Accept-Encoding' }
22 silly get cb [ 200,
22 silly get   { server: 'CouchDB/1.5.0 (Erlang OTP/R16B03)',
22 silly get     etag: '"D4WVVFMN0STO1C6M3OAFZR7BV"',
22 silly get     'content-type': 'application/json',
22 silly get     'content-encoding': 'gzip',
22 silly get     'cache-control': 'max-age=300',
22 silly get     'transfer-encoding': 'chunked',
22 silly get     'accept-ranges': 'bytes',
22 silly get     date: 'Sat, 12 Nov 2016 13:08:11 GMT',
22 silly get     via: '1.1 varnish',
22 silly get     connection: 'keep-alive',
22 silly get     'x-served-by': 'cache-nrt6132-NRT',
22 silly get     'x-cache': 'MISS',
22 silly get     'x-cache-hits': '0',
22 silly get     'x-timer': 'S1478956090.980612,VS0,VE119',
22 silly get     vary: 'Accept-Encoding' } ]
23 verbose get saving ipfs-to-gateway to /Users/richard/.npm/registry.npmjs.org/ipfs-to-gateway/.cache.json
24 verbose correctMkdir /Users/richard/.npm correctMkdir not in flight; initializing
25 silly install normalizeTree
26 silly loadCurrentTree Finishing
27 silly loadIdealTree Starting
28 silly install loadIdealTree
29 silly cloneCurrentTree Starting
30 silly install cloneCurrentTreeToIdealTree
31 silly cloneCurrentTree Finishing
32 silly loadShrinkwrap Starting
33 silly install loadShrinkwrap
34 silly loadShrinkwrap Finishing
35 silly loadAllDepsIntoIdealTree Starting
36 silly install loadAllDepsIntoIdealTree
37 silly resolveWithNewModule ipfs-to-gateway@1.0.0 checking installable status
38 silly cache add args [ 'ipfs-to-gateway', null ]
39 verbose cache add spec ipfs-to-gateway
40 silly cache add parsed spec Result {
40 silly cache add   raw: 'ipfs-to-gateway',
40 silly cache add   scope: null,
40 silly cache add   escapedName: 'ipfs-to-gateway',
40 silly cache add   name: 'ipfs-to-gateway',
40 silly cache add   rawSpec: '',
40 silly cache add   spec: 'latest',
40 silly cache add   type: 'tag' }
41 silly addNamed ipfs-to-gateway@latest
42 verbose addNamed "latest" is being treated as a dist-tag for ipfs-to-gateway
43 info addNameTag [ 'ipfs-to-gateway', 'latest' ]
44 silly mapToRegistry name ipfs-to-gateway
45 silly mapToRegistry using default registry
46 silly mapToRegistry registry https://registry.npmjs.org/
47 silly mapToRegistry data Result {
47 silly mapToRegistry   raw: 'ipfs-to-gateway',
47 silly mapToRegistry   scope: null,
47 silly mapToRegistry   escapedName: 'ipfs-to-gateway',
47 silly mapToRegistry   name: 'ipfs-to-gateway',
47 silly mapToRegistry   rawSpec: '',
47 silly mapToRegistry   spec: 'latest',
47 silly mapToRegistry   type: 'tag' }
48 silly mapToRegistry uri https://registry.npmjs.org/ipfs-to-gateway
49 verbose addNameTag registry:https://registry.npmjs.org/ipfs-to-gateway not in flight; fetching
50 verbose get https://registry.npmjs.org/ipfs-to-gateway not expired, no request
51 silly addNameTag next cb for ipfs-to-gateway with tag latest
52 silly addNamed ipfs-to-gateway@1.0.0
53 verbose addNamed "1.0.0" is a plain semver version for ipfs-to-gateway
54 silly cache afterAdd ipfs-to-gateway@1.0.0
55 verbose afterAdd /Users/richard/.npm/ipfs-to-gateway/1.0.0/package/package.json not in flight; writing
56 verbose correctMkdir /Users/richard/.npm correctMkdir not in flight; initializing
57 verbose afterAdd /Users/richard/.npm/ipfs-to-gateway/1.0.0/package/package.json written
58 silly loadAllDepsIntoIdealTree Finishing
59 silly loadIdealTree Finishing
60 silly currentTree lib
61 silly idealTree lib
61 silly idealTree └── ipfs-to-gateway@1.0.0
62 silly generateActionsToTake Starting
63 silly install generateActionsToTake
64 silly generateActionsToTake Finishing
65 silly diffTrees action count 1
66 silly diffTrees add ipfs-to-gateway@1.0.0
67 silly decomposeActions action count 8
68 silly decomposeActions fetch ipfs-to-gateway@1.0.0
69 silly decomposeActions extract ipfs-to-gateway@1.0.0
70 silly decomposeActions test ipfs-to-gateway@1.0.0
71 silly decomposeActions preinstall ipfs-to-gateway@1.0.0
72 silly decomposeActions build ipfs-to-gateway@1.0.0
73 silly decomposeActions install ipfs-to-gateway@1.0.0
74 silly decomposeActions postinstall ipfs-to-gateway@1.0.0
75 silly decomposeActions finalize ipfs-to-gateway@1.0.0
76 silly executeActions Starting
77 silly install executeActions
78 silly doSerial global-install 0
79 silly doParallel fetch 1
80 verbose correctMkdir /Users/richard/.npm/_locks correctMkdir not in flight; initializing
81 verbose lock using /Users/richard/.npm/_locks/staging-802c601b99193a16.lock for /Users/richard/.nvm/versions/node/v5.0.0/lib/node_modules/.staging
82 silly doParallel extract 1
83 silly extract ipfs-to-gateway@1.0.0
84 verbose unbuild lib/node_modules/.staging/ipfs-to-gateway-ae08f442
85 silly gentlyRm /Users/richard/.nvm/versions/node/v5.0.0/lib/node_modules/.staging/ipfs-to-gateway-ae08f442 is being purged from base /Users/richard/.nvm/versions/node/v5.0.0
86 verbose gentlyRm don't care about contents; nuking /Users/richard/.nvm/versions/node/v5.0.0/lib/node_modules/.staging/ipfs-to-gateway-ae08f442
87 verbose tar unpack /Users/richard/.npm/ipfs-to-gateway/1.0.0/package.tgz
88 verbose tar unpacking to /Users/richard/.nvm/versions/node/v5.0.0/lib/node_modules/.staging/ipfs-to-gateway-ae08f442
89 silly gentlyRm /Users/richard/.nvm/versions/node/v5.0.0/lib/node_modules/.staging/ipfs-to-gateway-ae08f442 is being purged
90 verbose gentlyRm don't care about contents; nuking /Users/richard/.nvm/versions/node/v5.0.0/lib/node_modules/.staging/ipfs-to-gateway-ae08f442
91 silly gunzTarPerm modes [ '755', '644' ]
92 silly gunzTarPerm extractEntry package.json
93 silly gunzTarPerm extractEntry README.md
94 silly gunzTarPerm extractEntry LICENSE
95 silly gunzTarPerm extractEntry bin.sh
96 silly gentlyRm /Users/richard/.nvm/versions/node/v5.0.0/lib/node_modules/.staging/ipfs-to-gateway-ae08f442/node_modules is being purged
97 verbose gentlyRm don't care about contents; nuking /Users/richard/.nvm/versions/node/v5.0.0/lib/node_modules/.staging/ipfs-to-gateway-ae08f442/node_modules
98 silly doParallel preinstall 1
99 silly preinstall ipfs-to-gateway@1.0.0 /Users/richard/.nvm/versions/node/v5.0.0/lib/node_modules/.staging/ipfs-to-gateway-ae08f442
100 info lifecycle ipfs-to-gateway@1.0.0~preinstall: ipfs-to-gateway@1.0.0
101 silly lifecycle ipfs-to-gateway@1.0.0~preinstall: no script for preinstall, continuing
102 silly doReverseSerial remove 0
103 silly doSerial move 0
104 silly doSerial finalize 1
105 silly finalize /Users/richard/.nvm/versions/node/v5.0.0/lib/node_modules/ipfs-to-gateway
106 silly doSerial build 1
107 silly build ipfs-to-gateway@1.0.0
108 info linkStuff ipfs-to-gateway@1.0.0
109 silly linkStuff ipfs-to-gateway@1.0.0 has /Users/richard/.nvm/versions/node/v5.0.0/lib/node_modules as its parent node_modules
110 silly linkStuff ipfs-to-gateway@1.0.0 is part of a global install
111 silly linkStuff ipfs-to-gateway@1.0.0 is installed into a global node_modules
112 silly linkStuff ipfs-to-gateway@1.0.0 is installed into the top-level global node_modules
113 verbose linkBins ipfs-to-gateway@1.0.0
114 verbose link bins [ { 'ipfs-io': '. ./bin.sh' },
114 verbose link bins   '/Users/richard/.nvm/versions/node/v5.0.0/bin',
114 verbose link bins   true ]
115 verbose linkMans ipfs-to-gateway@1.0.0
116 verbose unlock done using /Users/richard/.npm/_locks/staging-802c601b99193a16.lock for /Users/richard/.nvm/versions/node/v5.0.0/lib/node_modules/.staging
117 silly rollbackFailedOptional Starting
118 silly rollbackFailedOptional Finishing
119 silly runTopLevelLifecycles Starting
120 silly runTopLevelLifecycles Finishing
121 silly install printInstalled
122 verbose stack Error: ENOENT: no such file or directory, chmod '/Users/richard/.nvm/versions/node/v5.0.0/lib/node_modules/ipfs-to-gateway/. ./bin.sh'
122 verbose stack     at Error (native)
123 verbose cwd /Users/richard/src/ipfs-to-gateway
124 error Darwin 15.6.0
125 error argv "/Users/richard/.nvm/versions/node/v5.0.0/bin/node" "/Users/richard/.nvm/versions/node/v5.0.0/bin/npm" "i" "-g" "ipfs-to-gateway"
126 error node v5.0.0
127 error npm  v3.10.6
128 error path /Users/richard/.nvm/versions/node/v5.0.0/lib/node_modules/ipfs-to-gateway/. ./bin.sh
129 error code ENOENT
130 error errno -2
131 error syscall chmod
132 error enoent ENOENT: no such file or directory, chmod '/Users/richard/.nvm/versions/node/v5.0.0/lib/node_modules/ipfs-to-gateway/. ./bin.sh'
133 error enoent ENOENT: no such file or directory, chmod '/Users/richard/.nvm/versions/node/v5.0.0/lib/node_modules/ipfs-to-gateway/. ./bin.sh'
133 error enoent This is most likely not a problem with npm itself
133 error enoent and is related to npm not being able to find a file.
134 verbose exit [ -2, true ]
